Listening ...
Received Hola from arturoBlazquez at 2018-04-16 17:55:24
Received /ip from arturoBlazquez at 2018-04-16 17:55:39
Listening ...
Received Jf from arturoBlazquez at 2018-04-16 17:56:14
Received /start from arturoBlazquez at 2018-04-16 17:56:24
Received Jfb from arturoBlazquez at 2018-04-16 17:56:29
Received /ip from arturoBlazquez at 2018-04-16 17:56:31
Listening ...
Received /ip from arturoBlazquez at 2018-04-16 18:21:35
Received /newest from arturoBlazquez at 2018-04-16 18:21:46
Listening ...
Received /newest from arturoBlazquez at 2018-04-16 21:02:14
Received /newest from arturoBlazquez at 2018-04-16 21:02:42
Received /newest from arturoBlazquez at 2018-04-16 21:02:58
Received /newest from arturoBlazquez at 2018-04-16 21:03:13
Received /newest from arturoBlazquez at 2018-04-16 21:03:41
Received /newest from arturoBlazquez at 2018-04-16 21:07:59
Received /newest from arturoBlazquez at 2018-04-16 21:14:59
Received /ip from arturoBlazquez at 2018-04-16 21:15:01
Listening ...
Received /newest from arturoBlazquez at 2018-04-17 19:38:25
Received /ip from arturoBlazquez at 2018-04-17 19:49:22
Received Holi? from arturoBlazquez at 2018-04-17 20:02:21
Received B from arturoBlazquez at 2018-04-17 21:01:35
Received /newest from arturoBlazquez at 2018-04-17 23:38:45
Received /newest from arturoBlazquez at 2018-04-18 01:20:33
Received /newest from arturoBlazquez at 2018-04-18 14:58:28
Received /ip from arturoBlazquez at 2018-04-18 14:58:36
Received ygiuh from arturoBlazquez at 2018-04-18 18:26:42
Received Hola from arturoBlazquez at 2018-04-18 18:26:47
Received tfgf from arturoBlazquez at 2018-04-18 18:27:13
Received /ip from arturoBlazquez at 2018-04-18 18:27:19
Received 9utoiugoiug from arturoBlazquez at 2018-04-18 18:27:38
Received /ip from arturoBlazquez at 2018-04-18 18:27:42
Received /ip from arturoBlazquez at 2018-04-18 23:31:01
